<?xml version="1.0" encoding="UTF-8"?>
<!-- Generated by org.testng.reporters.JUnitReportReporter -->
<testsuite hostname="Lenovo-PC" failures="0" tests="1" name="com.crm.orgtest.ContactTest" time="0.015" errors="0" timestamp="2022-05-16T20:56:51 IST" skipped="0">
  <testcase classname="com.crm.orgtest.ContactTest" name="createContactTest" time="0.015"/>
  <system-out/>
</testsuite> <!-- com.crm.orgtest.ContactTest -->
